e:\testcode\qt windows\mcontorl\dispensing\code\motortest2\debug\forcesensormodule.obj
e:\testcode\qt windows\mcontorl\dispensing\code\motortest2\debug\frmaccountmanager.obj
e:\testcode\qt windows\mcontorl\dispensing\code\motortest2\debug\frmpreparedrug.obj
e:\testcode\qt windows\mcontorl\dispensing\code\motortest2\debug\frmselftest.obj
e:\testcode\qt windows\mcontorl\dispensing\code\motortest2\debug\fscommon.obj
e:\testcode\qt windows\mcontorl\dispensing\code\motortest2\debug\motormanager.obj
e:\testcode\qt windows\mcontorl\dispensing\code\motortest2\debug\myhelp.obj
e:\testcode\qt windows\mcontorl\dispensing\code\motortest2\debug\testform1.obj
e:\testcode\qt windows\mcontorl\dispensing\code\motortest2\debug\moc_app.obj
e:\testcode\qt windows\mcontorl\dispensing\code\motortest2\debug\moc_frmreadformula.obj
e:\testcode\qt windows\mcontorl\dispensing\code\motortest2\debug\moc_frmdispenseprocess.obj
e:\testcode\qt windows\mcontorl\dispensing\code\motortest2\debug\moc_appinit.obj
e:\testcode\qt windows\mcontorl\dispensing\code\motortest2\debug\moc_motormanager.obj
e:\testcode\qt windows\mcontorl\dispensing\code\motortest2\debug\moc_forcesensormodule.obj
e:\testcode\qt windows\mcontorl\dispensing\code\motortest2\debug\moc_myhelp.obj
e:\testcode\qt windows\mcontorl\dispensing\code\motortest2\debug\dbconnection.obj
e:\testcode\qt windows\mcontorl\dispensing\code\motortest2\debug\frmlogin.obj
e:\testcode\qt windows\mcontorl\dispensing\code\motortest2\debug\frmrecipesetting.obj
e:\testcode\qt windows\mcontorl\dispensing\code\motortest2\debug\frmsystemparamsetting.obj
e:\testcode\qt windows\mcontorl\dispensing\code\motortest2\debug\fsmstate2.obj
e:\testcode\qt windows\mcontorl\dispensing\code\motortest2\debug\motortest1.obj
e:\testcode\qt windows\mcontorl\dispensing\code\motortest2\debug\scllibhelper.obj
e:\testcode\qt windows\mcontorl\dispensing\code\motortest2\debug\moc_usermanager.obj
e:\testcode\qt windows\mcontorl\dispensing\code\motortest2\debug\moc_user.obj
e:\testcode\qt windows\mcontorl\dispensing\code\motortest2\debug\moc_frmlogin.obj
e:\testcode\qt windows\mcontorl\dispensing\code\motortest2\debug\moc_frmselftest.obj
e:\testcode\qt windows\mcontorl\dispensing\code\motortest2\debug\moc_frmdispensefinish.obj
e:\testcode\qt windows\mcontorl\dispensing\code\motortest2\debug\moc_globalparam.obj
e:\testcode\qt windows\mcontorl\dispensing\code\motortest2\debug\app.obj
e:\testcode\qt windows\mcontorl\dispensing\code\motortest2\debug\formulamanager.obj
e:\testcode\qt windows\mcontorl\dispensing\code\motortest2\debug\frmmainwidget.obj
e:\testcode\qt windows\mcontorl\dispensing\code\motortest2\debug\frmsystemsetting.obj
e:\testcode\qt windows\mcontorl\dispensing\code\motortest2\debug\main.obj
e:\testcode\qt windows\mcontorl\dispensing\code\motortest2\debug\moc_testform1.obj
e:\testcode\qt windows\mcontorl\dispensing\code\motortest2\debug\moc_frmpreparedrug.obj
e:\testcode\qt windows\mcontorl\dispensing\code\motortest2\debug\moc_frmsystemsetting.obj
e:\testcode\qt windows\mcontorl\dispensing\code\motortest2\debug\moc_fsmstate2.obj
e:\testcode\qt windows\mcontorl\dispensing\code\motortest2\debug\moc_frmaccountmanager.obj
e:\testcode\qt windows\mcontorl\dispensing\code\motortest2\debug\qrc_motortest1.obj
e:\testcode\qt windows\mcontorl\dispensing\code\motortest2\debug\appinit.obj
e:\testcode\qt windows\mcontorl\dispensing\code\motortest2\debug\frmdispensefinish.obj
e:\testcode\qt windows\mcontorl\dispensing\code\motortest2\debug\frmdispenseprocess.obj
e:\testcode\qt windows\mcontorl\dispensing\code\motortest2\debug\frmreadformula.obj
e:\testcode\qt windows\mcontorl\dispensing\code\motortest2\debug\globalparam.obj
e:\testcode\qt windows\mcontorl\dispensing\code\motortest2\debug\user.obj
e:\testcode\qt windows\mcontorl\dispensing\code\motortest2\debug\moc_motortest1.obj
e:\testcode\qt windows\mcontorl\dispensing\code\motortest2\debug\moc_frmmainwidget.obj
e:\testcode\qt windows\mcontorl\dispensing\code\motortest2\debug\moc_frmrecipesetting.obj
e:\testcode\qt windows\mcontorl\dispensing\code\motortest2\debug\moc_frmsystemparamsetting.obj
e:\testcode\qt windows\mcontorl\dispensing\code\motortest2\debug\moc_formulamanager.obj
e:\testcode\qt windows\mcontorl\dispensing\code\motortest2\debug\vc140.pdb
e:\testcode\qt windows\mcontorl\dispensing\code\motortest2\debug\usermanager.obj
e:\testcode\qt windows\mcontorl\dispensing\code\motortest2\motortest1\generatedfiles\debug\moc_motortest1.cpp
e:\testcode\qt windows\mcontorl\dispensing\code\motortest2\motortest1\generatedfiles\debug\moc_usermanager.cpp
e:\testcode\qt windows\mcontorl\dispensing\code\motortest2\motortest1\generatedfiles\debug\moc_user.cpp
e:\testcode\qt windows\mcontorl\dispensing\code\motortest2\motortest1\generatedfiles\debug\moc_testform1.cpp
e:\testcode\qt windows\mcontorl\dispensing\code\motortest2\motortest1\generatedfiles\debug\moc_app.cpp
e:\testcode\qt windows\mcontorl\dispensing\code\motortest2\motortest1\generatedfiles\debug\moc_frmlogin.cpp
e:\testcode\qt windows\mcontorl\dispensing\code\motortest2\motortest1\generatedfiles\debug\moc_frmmainwidget.cpp
e:\testcode\qt windows\mcontorl\dispensing\code\motortest2\motortest1\generatedfiles\debug\moc_frmreadformula.cpp
e:\testcode\qt windows\mcontorl\dispensing\code\motortest2\motortest1\generatedfiles\debug\moc_frmselftest.cpp
e:\testcode\qt windows\mcontorl\dispensing\code\motortest2\motortest1\generatedfiles\debug\moc_frmpreparedrug.cpp
e:\testcode\qt windows\mcontorl\dispensing\code\motortest2\motortest1\generatedfiles\debug\moc_frmdispenseprocess.cpp
e:\testcode\qt windows\mcontorl\dispensing\code\motortest2\motortest1\generatedfiles\debug\moc_frmdispensefinish.cpp
e:\testcode\qt windows\mcontorl\dispensing\code\motortest2\motortest1\generatedfiles\debug\moc_frmrecipesetting.cpp
e:\testcode\qt windows\mcontorl\dispensing\code\motortest2\motortest1\generatedfiles\debug\moc_frmsystemsetting.cpp
e:\testcode\qt windows\mcontorl\dispensing\code\motortest2\motortest1\generatedfiles\debug\moc_appinit.cpp
e:\testcode\qt windows\mcontorl\dispensing\code\motortest2\motortest1\generatedfiles\debug\moc_globalparam.cpp
e:\testcode\qt windows\mcontorl\dispensing\code\motortest2\motortest1\generatedfiles\debug\moc_motormanager.cpp
e:\testcode\qt windows\mcontorl\dispensing\code\motortest2\motortest1\generatedfiles\debug\moc_fsmstate2.cpp
e:\testcode\qt windows\mcontorl\dispensing\code\motortest2\motortest1\generatedfiles\debug\moc_frmsystemparamsetting.cpp
e:\testcode\qt windows\mcontorl\dispensing\code\motortest2\motortest1\generatedfiles\debug\moc_frmaccountmanager.cpp
e:\testcode\qt windows\mcontorl\dispensing\code\motortest2\motortest1\generatedfiles\debug\moc_forcesensormodule.cpp
e:\testcode\qt windows\mcontorl\dispensing\code\motortest2\motortest1\generatedfiles\debug\moc_formulamanager.cpp
e:\testcode\qt windows\mcontorl\dispensing\code\motortest2\motortest1\generatedfiles\debug\moc_myhelp.cpp
e:\testcode\qt windows\mcontorl\dispensing\code\motortest2\motortest1\generatedfiles\qrc_motortest1.cpp
e:\testcode\qt windows\mcontorl\dispensing\code\motortest2\motortest1\generatedfiles\ui_frmaccountmanager.h
e:\testcode\qt windows\mcontorl\dispensing\code\motortest2\motortest1\generatedfiles\ui_frmdispensefinish.h
e:\testcode\qt windows\mcontorl\dispensing\code\motortest2\motortest1\generatedfiles\ui_frmdispenseprocess.h
e:\testcode\qt windows\mcontorl\dispensing\code\motortest2\motortest1\generatedfiles\ui_frmlogin.h
e:\testcode\qt windows\mcontorl\dispensing\code\motortest2\motortest1\generatedfiles\ui_frmmainwidget.h
e:\testcode\qt windows\mcontorl\dispensing\code\motortest2\motortest1\generatedfiles\ui_frmpreparedrug.h
e:\testcode\qt windows\mcontorl\dispensing\code\motortest2\motortest1\generatedfiles\ui_frmreadformula.h
e:\testcode\qt windows\mcontorl\dispensing\code\motortest2\motortest1\generatedfiles\ui_frmrecipesetting.h
e:\testcode\qt windows\mcontorl\dispensing\code\motortest2\motortest1\generatedfiles\ui_frmselftest.h
e:\testcode\qt windows\mcontorl\dispensing\code\motortest2\motortest1\generatedfiles\ui_frmsystemparamsetting.h
e:\testcode\qt windows\mcontorl\dispensing\code\motortest2\motortest1\generatedfiles\ui_frmsystemsetting.h
e:\testcode\qt windows\mcontorl\dispensing\code\motortest2\motortest1\generatedfiles\ui_motortest1.h
e:\testcode\qt windows\mcontorl\dispensing\code\motortest2\motortest1\generatedfiles\ui_testform1.h
e:\testcode\qt windows\mcontorl\dispensing\code\motortest2\win32\debug\dispense.ilk
e:\testcode\qt windows\mcontorl\dispensing\code\motortest2\win32\debug\dispense.exe
e:\testcode\qt windows\mcontorl\dispensing\code\motortest2\win32\debug\dispense.pdb
e:\testcode\qt windows\mcontorl\dispensing\code\motortest2\motortest1\.\generatedfiles\debug\moc_motortest1.cpp
e:\testcode\qt windows\mcontorl\dispensing\code\motortest2\motortest1\.\generatedfiles\debug\moc_usermanager.cpp
e:\testcode\qt windows\mcontorl\dispensing\code\motortest2\motortest1\.\generatedfiles\debug\moc_user.cpp
e:\testcode\qt windows\mcontorl\dispensing\code\motortest2\motortest1\.\generatedfiles\debug\moc_testform1.cpp
e:\testcode\qt windows\mcontorl\dispensing\code\motortest2\motortest1\.\generatedfiles\debug\moc_app.cpp
e:\testcode\qt windows\mcontorl\dispensing\code\motortest2\motortest1\.\generatedfiles\debug\moc_frmlogin.cpp
e:\testcode\qt windows\mcontorl\dispensing\code\motortest2\motortest1\.\generatedfiles\debug\moc_frmmainwidget.cpp
e:\testcode\qt windows\mcontorl\dispensing\code\motortest2\motortest1\.\generatedfiles\debug\moc_frmreadformula.cpp
e:\testcode\qt windows\mcontorl\dispensing\code\motortest2\motortest1\.\generatedfiles\debug\moc_frmselftest.cpp
e:\testcode\qt windows\mcontorl\dispensing\code\motortest2\motortest1\.\generatedfiles\debug\moc_frmpreparedrug.cpp
e:\testcode\qt windows\mcontorl\dispensing\code\motortest2\motortest1\.\generatedfiles\debug\moc_frmdispenseprocess.cpp
e:\testcode\qt windows\mcontorl\dispensing\code\motortest2\motortest1\.\generatedfiles\debug\moc_frmdispensefinish.cpp
e:\testcode\qt windows\mcontorl\dispensing\code\motortest2\motortest1\.\generatedfiles\debug\moc_frmrecipesetting.cpp
e:\testcode\qt windows\mcontorl\dispensing\code\motortest2\motortest1\.\generatedfiles\debug\moc_frmsystemsetting.cpp
e:\testcode\qt windows\mcontorl\dispensing\code\motortest2\motortest1\.\generatedfiles\debug\moc_appinit.cpp
e:\testcode\qt windows\mcontorl\dispensing\code\motortest2\motortest1\.\generatedfiles\debug\moc_globalparam.cpp
e:\testcode\qt windows\mcontorl\dispensing\code\motortest2\motortest1\.\generatedfiles\debug\moc_motormanager.cpp
e:\testcode\qt windows\mcontorl\dispensing\code\motortest2\motortest1\.\generatedfiles\debug\moc_fsmstate2.cpp
e:\testcode\qt windows\mcontorl\dispensing\code\motortest2\motortest1\.\generatedfiles\debug\moc_frmsystemparamsetting.cpp
e:\testcode\qt windows\mcontorl\dispensing\code\motortest2\motortest1\.\generatedfiles\debug\moc_frmaccountmanager.cpp
e:\testcode\qt windows\mcontorl\dispensing\code\motortest2\motortest1\.\generatedfiles\debug\moc_forcesensormodule.cpp
e:\testcode\qt windows\mcontorl\dispensing\code\motortest2\motortest1\.\generatedfiles\debug\moc_formulamanager.cpp
e:\testcode\qt windows\mcontorl\dispensing\code\motortest2\motortest1\.\generatedfiles\debug\moc_myhelp.cpp
e:\testcode\qt windows\mcontorl\dispensing\code\motortest2\motortest1\.\generatedfiles\qrc_motortest1.cpp
e:\testcode\qt windows\mcontorl\dispensing\code\motortest2\motortest1\.\generatedfiles\ui_frmaccountmanager.h
e:\testcode\qt windows\mcontorl\dispensing\code\motortest2\motortest1\.\generatedfiles\ui_frmdispensefinish.h
e:\testcode\qt windows\mcontorl\dispensing\code\motortest2\motortest1\.\generatedfiles\ui_frmdispenseprocess.h
e:\testcode\qt windows\mcontorl\dispensing\code\motortest2\motortest1\.\generatedfiles\ui_frmlogin.h
e:\testcode\qt windows\mcontorl\dispensing\code\motortest2\motortest1\.\generatedfiles\ui_frmmainwidget.h
e:\testcode\qt windows\mcontorl\dispensing\code\motortest2\motortest1\.\generatedfiles\ui_frmpreparedrug.h
e:\testcode\qt windows\mcontorl\dispensing\code\motortest2\motortest1\.\generatedfiles\ui_frmreadformula.h
e:\testcode\qt windows\mcontorl\dispensing\code\motortest2\motortest1\.\generatedfiles\ui_frmrecipesetting.h
e:\testcode\qt windows\mcontorl\dispensing\code\motortest2\motortest1\.\generatedfiles\ui_frmselftest.h
e:\testcode\qt windows\mcontorl\dispensing\code\motortest2\motortest1\.\generatedfiles\ui_frmsystemparamsetting.h
e:\testcode\qt windows\mcontorl\dispensing\code\motortest2\motortest1\.\generatedfiles\ui_frmsystemsetting.h
e:\testcode\qt windows\mcontorl\dispensing\code\motortest2\motortest1\.\generatedfiles\ui_motortest1.h
e:\testcode\qt windows\mcontorl\dispensing\code\motortest2\motortest1\.\generatedfiles\ui_testform1.h
e:\testcode\qt windows\mcontorl\dispensing\code\motortest2\debug\dispense.tlog\cl.command.1.tlog
e:\testcode\qt windows\mcontorl\dispensing\code\motortest2\debug\dispense.tlog\cl.read.1.tlog
e:\testcode\qt windows\mcontorl\dispensing\code\motortest2\debug\dispense.tlog\cl.write.1.tlog
e:\testcode\qt windows\mcontorl\dispensing\code\motortest2\debug\dispense.tlog\dispense.write.1u.tlog
e:\testcode\qt windows\mcontorl\dispensing\code\motortest2\debug\dispense.tlog\link.command.1.tlog
e:\testcode\qt windows\mcontorl\dispensing\code\motortest2\debug\dispense.tlog\link.read.1.tlog
e:\testcode\qt windows\mcontorl\dispensing\code\motortest2\debug\dispense.tlog\link.write.1.tlog
e:\testcode\qt windows\mcontorl\dispensing\code\motortest2\debug\dispense.tlog\qtmoc.read.1u.tlog
e:\testcode\qt windows\mcontorl\dispensing\code\motortest2\debug\dispense.tlog\qtmoc.write.1u.tlog
e:\testcode\qt windows\mcontorl\dispensing\code\motortest2\debug\dispense.tlog\qtrcc.read.1u.tlog
e:\testcode\qt windows\mcontorl\dispensing\code\motortest2\debug\dispense.tlog\qtrcc.write.1u.tlog
e:\testcode\qt windows\mcontorl\dispensing\code\motortest2\debug\dispense.tlog\qtuic.read.1u.tlog
e:\testcode\qt windows\mcontorl\dispensing\code\motortest2\debug\dispense.tlog\qtuic.write.1u.tlog
