c:\users\l\desktop\注射机器人正式界面搭建\motortest2\debug\vc140.pdb
c:\users\l\desktop\注射机器人正式界面搭建\motortest2\debug\frmreadformula.obj
c:\users\l\desktop\注射机器人正式界面搭建\motortest2\debug\moc_globalparam.obj
c:\users\l\desktop\注射机器人正式界面搭建\motortest2\debug\frmworklog.obj
c:\users\l\desktop\注射机器人正式界面搭建\motortest2\debug\testform1.obj
c:\users\l\desktop\注射机器人正式界面搭建\motortest2\debug\frmmainwidget.obj
c:\users\l\desktop\注射机器人正式界面搭建\motortest2\debug\frmselftest.obj
c:\users\l\desktop\注射机器人正式界面搭建\motortest2\debug\frmaccountmanager.obj
c:\users\l\desktop\注射机器人正式界面搭建\motortest2\debug\globalparam.obj
c:\users\l\desktop\注射机器人正式界面搭建\motortest2\debug\moc_formulamanager.obj
c:\users\l\desktop\注射机器人正式界面搭建\motortest2\debug\formulamanager.obj
c:\users\l\desktop\注射机器人正式界面搭建\motortest2\debug\moc_frmmainwidget.obj
c:\users\l\desktop\注射机器人正式界面搭建\motortest2\debug\frmdispenseprocess.obj
c:\users\l\desktop\注射机器人正式界面搭建\motortest2\debug\moc_frmdispenseprocess.obj
c:\users\l\desktop\注射机器人正式界面搭建\motortest2\debug\main.obj
c:\users\l\desktop\注射机器人正式界面搭建\motortest2\debug\dbconnection.obj
c:\users\l\desktop\注射机器人正式界面搭建\motortest2\debug\usermanager.obj
c:\users\l\desktop\注射机器人正式界面搭建\motortest2\debug\moc_motormanager.obj
c:\users\l\desktop\注射机器人正式界面搭建\motortest2\debug\moc_usermanager.obj
c:\users\l\desktop\注射机器人正式界面搭建\motortest2\debug\moc_frmformulasetting.obj
c:\users\l\desktop\注射机器人正式界面搭建\motortest2\debug\moc_frmreadformula.obj
c:\users\l\desktop\注射机器人正式界面搭建\motortest2\debug\moc_frmsystemparamsetting.obj
c:\users\l\desktop\注射机器人正式界面搭建\motortest2\debug\moc_cformulaparam.obj
c:\users\l\desktop\注射机器人正式界面搭建\motortest2\debug\moc_testform1.obj
c:\users\l\desktop\注射机器人正式界面搭建\motortest2\debug\moc_frmlogin.obj
c:\users\l\desktop\注射机器人正式界面搭建\motortest2\debug\moc_frmrecipesetting.obj
c:\users\l\desktop\注射机器人正式界面搭建\motortest2\debug\moc_frmsystemsetting.obj
c:\users\l\desktop\注射机器人正式界面搭建\motortest2\debug\qrc_motortest1.obj
c:\users\l\desktop\注射机器人正式界面搭建\motortest2\debug\frmdispensefinish.obj
c:\users\l\desktop\注射机器人正式界面搭建\motortest2\debug\frmsystemparamsetting.obj
c:\users\l\desktop\注射机器人正式界面搭建\motortest2\debug\moc_app.obj
c:\users\l\desktop\注射机器人正式界面搭建\motortest2\debug\moc_forcesensormodule.obj
c:\users\l\desktop\注射机器人正式界面搭建\motortest2\debug\moc_frmdispensefinish.obj
c:\users\l\desktop\注射机器人正式界面搭建\motortest2\debug\moc_frmworklog.obj
c:\users\l\desktop\注射机器人正式界面搭建\motortest2\debug\frmpreparedrug.obj
c:\users\l\desktop\注射机器人正式界面搭建\motortest2\debug\frmrecipesetting.obj
c:\users\l\desktop\注射机器人正式界面搭建\motortest2\debug\frmsystemsetting.obj
c:\users\l\desktop\注射机器人正式界面搭建\motortest2\debug\moc_appinit.obj
c:\users\l\desktop\注射机器人正式界面搭建\motortest2\debug\moc_comhelper.obj
c:\users\l\desktop\注射机器人正式界面搭建\motortest2\debug\moc_fsmstate2.obj
c:\users\l\desktop\注射机器人正式界面搭建\motortest2\debug\moc_myhelp.obj
c:\users\l\desktop\注射机器人正式界面搭建\motortest2\debug\moc_user.obj
c:\users\l\desktop\注射机器人正式界面搭建\motortest2\debug\moc_frmaccountmanager.obj
c:\users\l\desktop\注射机器人正式界面搭建\motortest2\debug\moc_frmpreparedrug.obj
c:\users\l\desktop\注射机器人正式界面搭建\motortest2\debug\moc_frmselftest.obj
c:\users\l\desktop\注射机器人正式界面搭建\motortest2\debug\moc_motortest1.obj
c:\users\l\desktop\注射机器人正式界面搭建\motortest2\debug\frmformulasetting.obj
c:\users\l\desktop\注射机器人正式界面搭建\motortest2\debug\motortest1.obj
c:\users\l\desktop\注射机器人正式界面搭建\motortest2\debug\moc_motofun.obj
c:\users\l\desktop\注射机器人正式界面搭建\motortest2\debug\frmlogin.obj
c:\users\l\desktop\注射机器人正式界面搭建\motortest2\debug\motofun.obj
c:\users\l\desktop\注射机器人正式界面搭建\正式程序2019-2-15\debug\app.obj
c:\users\l\desktop\注射机器人正式界面搭建\正式程序2019-2-15\debug\frmaccountmanager.obj
c:\users\l\desktop\注射机器人正式界面搭建\正式程序2019-2-15\debug\frmmainwidget.obj
c:\users\l\desktop\注射机器人正式界面搭建\正式程序2019-2-15\debug\frmsystemsetting.obj
c:\users\l\desktop\注射机器人正式界面搭建\正式程序2019-2-15\debug\fsmstate2.obj
c:\users\l\desktop\注射机器人正式界面搭建\正式程序2019-2-15\debug\moc_frmdispenseprocess.obj
c:\users\l\desktop\注射机器人正式界面搭建\正式程序2019-2-15\debug\moc_frmreadformula.obj
c:\users\l\desktop\注射机器人正式界面搭建\正式程序2019-2-15\debug\moc_frmsystemparamsetting.obj
c:\users\l\desktop\注射机器人正式界面搭建\正式程序2019-2-15\debug\moc_globalparam.obj
c:\users\l\desktop\注射机器人正式界面搭建\正式程序2019-2-15\debug\motormanager.obj
c:\users\l\desktop\注射机器人正式界面搭建\正式程序2019-2-15\debug\scllibhelper.obj
c:\users\l\desktop\注射机器人正式界面搭建\正式程序2019-2-15\debug\usermanager.obj
c:\users\l\desktop\注射机器人正式界面搭建\正式程序2019-2-15\debug\moc_appinit.obj
c:\users\l\desktop\注射机器人正式界面搭建\正式程序2019-2-15\debug\moc_fsmstate2.obj
c:\users\l\desktop\注射机器人正式界面搭建\正式程序2019-2-15\debug\moc_formulamanager.obj
c:\users\l\desktop\注射机器人正式界面搭建\正式程序2019-2-15\debug\cformulaparam.obj
c:\users\l\desktop\注射机器人正式界面搭建\正式程序2019-2-15\debug\forcesensormodule.obj
c:\users\l\desktop\注射机器人正式界面搭建\正式程序2019-2-15\debug\frmdispensefinish.obj
c:\users\l\desktop\注射机器人正式界面搭建\正式程序2019-2-15\debug\frmdispenseprocess.obj
c:\users\l\desktop\注射机器人正式界面搭建\正式程序2019-2-15\debug\frmpreparedrug.obj
c:\users\l\desktop\注射机器人正式界面搭建\正式程序2019-2-15\debug\frmselftest.obj
c:\users\l\desktop\注射机器人正式界面搭建\正式程序2019-2-15\debug\moc_frmaccountmanager.obj
c:\users\l\desktop\注射机器人正式界面搭建\正式程序2019-2-15\debug\moc_frmformulasetting.obj
c:\users\l\desktop\注射机器人正式界面搭建\正式程序2019-2-15\debug\moc_frmselftest.obj
c:\users\l\desktop\注射机器人正式界面搭建\正式程序2019-2-15\debug\moc_motofun.obj
c:\users\l\desktop\注射机器人正式界面搭建\正式程序2019-2-15\debug\motofun.obj
c:\users\l\desktop\注射机器人正式界面搭建\正式程序2019-2-15\debug\testform1.obj
c:\users\l\desktop\注射机器人正式界面搭建\正式程序2019-2-15\debug\moc_user.obj
c:\users\l\desktop\注射机器人正式界面搭建\正式程序2019-2-15\debug\moc_frmlogin.obj
c:\users\l\desktop\注射机器人正式界面搭建\正式程序2019-2-15\debug\moc_comhelper.obj
c:\users\l\desktop\注射机器人正式界面搭建\正式程序2019-2-15\debug\moc_myhelp.obj
c:\users\l\desktop\注射机器人正式界面搭建\正式程序2019-2-15\debug\comhelper.obj
c:\users\l\desktop\注射机器人正式界面搭建\正式程序2019-2-15\debug\formulamanager.obj
c:\users\l\desktop\注射机器人正式界面搭建\正式程序2019-2-15\debug\frmlogin.obj
c:\users\l\desktop\注射机器人正式界面搭建\正式程序2019-2-15\debug\frmreadformula.obj
c:\users\l\desktop\注射机器人正式界面搭建\正式程序2019-2-15\debug\frmworklog.obj
c:\users\l\desktop\注射机器人正式界面搭建\正式程序2019-2-15\debug\moc_frmmainwidget.obj
c:\users\l\desktop\注射机器人正式界面搭建\正式程序2019-2-15\debug\moc_frmworklog.obj
c:\users\l\desktop\注射机器人正式界面搭建\正式程序2019-2-15\debug\globalparam.obj
c:\users\l\desktop\注射机器人正式界面搭建\正式程序2019-2-15\debug\motortest1.obj
c:\users\l\desktop\注射机器人正式界面搭建\正式程序2019-2-15\debug\moc_usermanager.obj
c:\users\l\desktop\注射机器人正式界面搭建\正式程序2019-2-15\debug\moc_app.obj
c:\users\l\desktop\注射机器人正式界面搭建\正式程序2019-2-15\debug\moc_motormanager.obj
c:\users\l\desktop\注射机器人正式界面搭建\正式程序2019-2-15\debug\moc_forcesensormodule.obj
c:\users\l\desktop\注射机器人正式界面搭建\正式程序2019-2-15\debug\appinit.obj
c:\users\l\desktop\注射机器人正式界面搭建\正式程序2019-2-15\debug\dbconnection.obj
c:\users\l\desktop\注射机器人正式界面搭建\正式程序2019-2-15\debug\frmformulasetting.obj
c:\users\l\desktop\注射机器人正式界面搭建\正式程序2019-2-15\debug\frmrecipesetting.obj
c:\users\l\desktop\注射机器人正式界面搭建\正式程序2019-2-15\debug\frmsystemparamsetting.obj
c:\users\l\desktop\注射机器人正式界面搭建\正式程序2019-2-15\debug\fscommon.obj
c:\users\l\desktop\注射机器人正式界面搭建\正式程序2019-2-15\debug\moc_frmdispensefinish.obj
c:\users\l\desktop\注射机器人正式界面搭建\正式程序2019-2-15\debug\moc_frmpreparedrug.obj
c:\users\l\desktop\注射机器人正式界面搭建\正式程序2019-2-15\debug\moc_frmrecipesetting.obj
c:\users\l\desktop\注射机器人正式界面搭建\正式程序2019-2-15\debug\moc_frmsystemsetting.obj
c:\users\l\desktop\注射机器人正式界面搭建\正式程序2019-2-15\debug\main.obj
c:\users\l\desktop\注射机器人正式界面搭建\正式程序2019-2-15\debug\myhelp.obj
c:\users\l\desktop\注射机器人正式界面搭建\正式程序2019-2-15\debug\user.obj
c:\users\l\desktop\注射机器人正式界面搭建\正式程序2019-2-15\debug\qrc_motortest1.obj
c:\users\l\desktop\注射机器人正式界面搭建\正式程序2019-2-15\debug\moc_motortest1.obj
c:\users\l\desktop\注射机器人正式界面搭建\正式程序2019-2-15\debug\moc_testform1.obj
c:\users\l\desktop\注射机器人正式界面搭建\正式程序2019-2-15\debug\moc_cformulaparam.obj
c:\users\l\desktop\注射机器人正式界面搭建\正式程序2019-2-15\debug\vc140.pdb
c:\users\l\desktop\注射机器人正式界面搭建\正式程序2019-2-15 - 副本\debug\comhelper.obj
c:\users\l\desktop\注射机器人正式界面搭建\正式程序2019-2-15 - 副本\debug\frmaccountmanager.obj
c:\users\l\desktop\注射机器人正式界面搭建\正式程序2019-2-15 - 副本\debug\frmmainwidget.obj
c:\users\l\desktop\注射机器人正式界面搭建\正式程序2019-2-15 - 副本\debug\frmselftest.obj
c:\users\l\desktop\注射机器人正式界面搭建\正式程序2019-2-15 - 副本\debug\moc_frmdispensefinish.obj
c:\users\l\desktop\注射机器人正式界面搭建\正式程序2019-2-15 - 副本\debug\moc_frmpreparedrug.obj
c:\users\l\desktop\注射机器人正式界面搭建\正式程序2019-2-15 - 副本\debug\moc_frmsystemparamsetting.obj
c:\users\l\desktop\注射机器人正式界面搭建\正式程序2019-2-15 - 副本\debug\moc_globalparam.obj
c:\users\l\desktop\注射机器人正式界面搭建\正式程序2019-2-15 - 副本\debug\motormanager.obj
c:\users\l\desktop\注射机器人正式界面搭建\正式程序2019-2-15 - 副本\debug\scllibhelper.obj
c:\users\l\desktop\注射机器人正式界面搭建\正式程序2019-2-15 - 副本\debug\qrc_motortest1.obj
c:\users\l\desktop\注射机器人正式界面搭建\正式程序2019-2-15 - 副本\debug\moc_motortest1.obj
c:\users\l\desktop\注射机器人正式界面搭建\正式程序2019-2-15 - 副本\debug\moc_app.obj
c:\users\l\desktop\注射机器人正式界面搭建\正式程序2019-2-15 - 副本\debug\moc_motormanager.obj
c:\users\l\desktop\注射机器人正式界面搭建\正式程序2019-2-15 - 副本\debug\moc_forcesensormodule.obj
c:\users\l\desktop\注射机器人正式界面搭建\正式程序2019-2-15 - 副本\debug\app.obj
c:\users\l\desktop\注射机器人正式界面搭建\正式程序2019-2-15 - 副本\debug\formulamanager.obj
c:\users\l\desktop\注射机器人正式界面搭建\正式程序2019-2-15 - 副本\debug\frmlogin.obj
c:\users\l\desktop\注射机器人正式界面搭建\正式程序2019-2-15 - 副本\debug\frmpreparedrug.obj
c:\users\l\desktop\注射机器人正式界面搭建\正式程序2019-2-15 - 副本\debug\frmsystemsetting.obj
c:\users\l\desktop\注射机器人正式界面搭建\正式程序2019-2-15 - 副本\debug\fscommon.obj
c:\users\l\desktop\注射机器人正式界面搭建\正式程序2019-2-15 - 副本\debug\moc_frmaccountmanager.obj
c:\users\l\desktop\注射机器人正式界面搭建\正式程序2019-2-15 - 副本\debug\moc_frmmainwidget.obj
c:\users\l\desktop\注射机器人正式界面搭建\正式程序2019-2-15 - 副本\debug\moc_frmsystemsetting.obj
c:\users\l\desktop\注射机器人正式界面搭建\正式程序2019-2-15 - 副本\debug\globalparam.obj
c:\users\l\desktop\注射机器人正式界面搭建\正式程序2019-2-15 - 副本\debug\motortest1.obj
c:\users\l\desktop\注射机器人正式界面搭建\正式程序2019-2-15 - 副本\debug\usermanager.obj
c:\users\l\desktop\注射机器人正式界面搭建\正式程序2019-2-15 - 副本\debug\moc_appinit.obj
c:\users\l\desktop\注射机器人正式界面搭建\正式程序2019-2-15 - 副本\debug\moc_comhelper.obj
c:\users\l\desktop\注射机器人正式界面搭建\正式程序2019-2-15 - 副本\debug\moc_formulamanager.obj
c:\users\l\desktop\注射机器人正式界面搭建\正式程序2019-2-15 - 副本\debug\cformulaparam.obj
c:\users\l\desktop\注射机器人正式界面搭建\正式程序2019-2-15 - 副本\debug\dbconnection.obj
c:\users\l\desktop\注射机器人正式界面搭建\正式程序2019-2-15 - 副本\debug\frmdispenseprocess.obj
c:\users\l\desktop\注射机器人正式界面搭建\正式程序2019-2-15 - 副本\debug\frmreadformula.obj
c:\users\l\desktop\注射机器人正式界面搭建\正式程序2019-2-15 - 副本\debug\frmworklog.obj
c:\users\l\desktop\注射机器人正式界面搭建\正式程序2019-2-15 - 副本\debug\moc_frmformulasetting.obj
c:\users\l\desktop\注射机器人正式界面搭建\正式程序2019-2-15 - 副本\debug\moc_frmrecipesetting.obj
c:\users\l\desktop\注射机器人正式界面搭建\正式程序2019-2-15 - 副本\debug\moc_frmworklog.obj
c:\users\l\desktop\注射机器人正式界面搭建\正式程序2019-2-15 - 副本\debug\main.obj
c:\users\l\desktop\注射机器人正式界面搭建\正式程序2019-2-15 - 副本\debug\myhelp.obj
c:\users\l\desktop\注射机器人正式界面搭建\正式程序2019-2-15 - 副本\debug\user.obj
c:\users\l\desktop\注射机器人正式界面搭建\正式程序2019-2-15 - 副本\debug\moc_usermanager.obj
c:\users\l\desktop\注射机器人正式界面搭建\正式程序2019-2-15 - 副本\debug\moc_user.obj
c:\users\l\desktop\注射机器人正式界面搭建\正式程序2019-2-15 - 副本\debug\moc_frmlogin.obj
c:\users\l\desktop\注射机器人正式界面搭建\正式程序2019-2-15 - 副本\debug\moc_fsmstate2.obj
c:\users\l\desktop\注射机器人正式界面搭建\正式程序2019-2-15 - 副本\debug\moc_myhelp.obj
c:\users\l\desktop\注射机器人正式界面搭建\正式程序2019-2-15 - 副本\debug\appinit.obj
c:\users\l\desktop\注射机器人正式界面搭建\正式程序2019-2-15 - 副本\debug\forcesensormodule.obj
c:\users\l\desktop\注射机器人正式界面搭建\正式程序2019-2-15 - 副本\debug\frmdispensefinish.obj
c:\users\l\desktop\注射机器人正式界面搭建\正式程序2019-2-15 - 副本\debug\frmformulasetting.obj
c:\users\l\desktop\注射机器人正式界面搭建\正式程序2019-2-15 - 副本\debug\frmrecipesetting.obj
c:\users\l\desktop\注射机器人正式界面搭建\正式程序2019-2-15 - 副本\debug\frmsystemparamsetting.obj
c:\users\l\desktop\注射机器人正式界面搭建\正式程序2019-2-15 - 副本\debug\fsmstate2.obj
c:\users\l\desktop\注射机器人正式界面搭建\正式程序2019-2-15 - 副本\debug\moc_frmdispenseprocess.obj
c:\users\l\desktop\注射机器人正式界面搭建\正式程序2019-2-15 - 副本\debug\moc_frmreadformula.obj
c:\users\l\desktop\注射机器人正式界面搭建\正式程序2019-2-15 - 副本\debug\moc_frmselftest.obj
c:\users\l\desktop\注射机器人正式界面搭建\正式程序2019-2-15 - 副本\debug\moc_motofun.obj
c:\users\l\desktop\注射机器人正式界面搭建\正式程序2019-2-15 - 副本\debug\motofun.obj
c:\users\l\desktop\注射机器人正式界面搭建\正式程序2019-2-15 - 副本\debug\testform1.obj
c:\users\l\desktop\注射机器人正式界面搭建\正式程序2019-2-15 - 副本\debug\moc_testform1.obj
c:\users\l\desktop\注射机器人正式界面搭建\正式程序2019-2-15 - 副本\debug\moc_cformulaparam.obj
c:\users\l\desktop\注射机器人正式界面搭建\正式程序2019-2-15 - 副本\debug\vc140.pdb
c:\users\l\desktop\注射机器人正式界面搭建\正式程序2019-2-15 - 副本\debug\mythread.obj
c:\users\l\desktop\注射机器人正式界面搭建\正式程序2019-2-15 - 副本\debug\moc_mythread.obj
c:\users\l\desktop\注射机器人正式界面搭建\正式程序2019-2-15 - 副本\debug\cthermometer.obj
c:\users\l\desktop\注射机器人正式界面搭建\正式程序2019-2-15 - 副本\debug\moc_cthermometer.obj
c:\users\l\desktop\注射机器人正式界面搭建\正式程序2019-2-17-自建数据库\debug\appinit.obj
c:\users\l\desktop\注射机器人正式界面搭建\正式程序2019-2-17-自建数据库\debug\dbconnection.obj
c:\users\l\desktop\注射机器人正式界面搭建\正式程序2019-2-17-自建数据库\debug\frmlogin.obj
c:\users\l\desktop\注射机器人正式界面搭建\正式程序2019-2-17-自建数据库\debug\frmpreparedrug.obj
c:\users\l\desktop\注射机器人正式界面搭建\正式程序2019-2-17-自建数据库\debug\frmselftest.obj
c:\users\l\desktop\注射机器人正式界面搭建\正式程序2019-2-17-自建数据库\debug\moc_cthermometer.obj
c:\users\l\desktop\注射机器人正式界面搭建\正式程序2019-2-17-自建数据库\debug\moc_frmdispenseprocess.obj
c:\users\l\desktop\注射机器人正式界面搭建\正式程序2019-2-17-自建数据库\debug\moc_frmreadformula.obj
c:\users\l\desktop\注射机器人正式界面搭建\正式程序2019-2-17-自建数据库\debug\moc_frmsystemparamsetting.obj
c:\users\l\desktop\注射机器人正式界面搭建\正式程序2019-2-17-自建数据库\debug\moc_mythread.obj
c:\users\l\desktop\注射机器人正式界面搭建\正式程序2019-2-17-自建数据库\debug\motofun.obj
c:\users\l\desktop\注射机器人正式界面搭建\正式程序2019-2-17-自建数据库\debug\user.obj
c:\users\l\desktop\注射机器人正式界面搭建\正式程序2019-2-17-自建数据库\debug\qrc_motortest1.obj
c:\users\l\desktop\注射机器人正式界面搭建\正式程序2019-2-17-自建数据库\debug\moc_motortest1.obj
c:\users\l\desktop\注射机器人正式界面搭建\正式程序2019-2-17-自建数据库\debug\moc_app.obj
c:\users\l\desktop\注射机器人正式界面搭建\正式程序2019-2-17-自建数据库\debug\moc_motormanager.obj
c:\users\l\desktop\注射机器人正式界面搭建\正式程序2019-2-17-自建数据库\debug\moc_forcesensormodule.obj
c:\users\l\desktop\注射机器人正式界面搭建\正式程序2019-2-17-自建数据库\debug\cformulaparam.obj
c:\users\l\desktop\注射机器人正式界面搭建\正式程序2019-2-17-自建数据库\debug\cthermometer.obj
c:\users\l\desktop\注射机器人正式界面搭建\正式程序2019-2-17-自建数据库\debug\frmdispensefinish.obj
c:\users\l\desktop\注射机器人正式界面搭建\正式程序2019-2-17-自建数据库\debug\frmdispenseprocess.obj
c:\users\l\desktop\注射机器人正式界面搭建\正式程序2019-2-17-自建数据库\debug\frmrecipesetting.obj
c:\users\l\desktop\注射机器人正式界面搭建\正式程序2019-2-17-自建数据库\debug\frmsystemparamsetting.obj
c:\users\l\desktop\注射机器人正式界面搭建\正式程序2019-2-17-自建数据库\debug\fsmstate2.obj
c:\users\l\desktop\注射机器人正式界面搭建\正式程序2019-2-17-自建数据库\debug\moc_frmdispensefinish.obj
c:\users\l\desktop\注射机器人正式界面搭建\正式程序2019-2-17-自建数据库\debug\moc_frmpreparedrug.obj
c:\users\l\desktop\注射机器人正式界面搭建\正式程序2019-2-17-自建数据库\debug\moc_frmselftest.obj
c:\users\l\desktop\注射机器人正式界面搭建\正式程序2019-2-17-自建数据库\debug\moc_globalparam.obj
c:\users\l\desktop\注射机器人正式界面搭建\正式程序2019-2-17-自建数据库\debug\motormanager.obj
c:\users\l\desktop\注射机器人正式界面搭建\正式程序2019-2-17-自建数据库\debug\myhelp.obj
c:\users\l\desktop\注射机器人正式界面搭建\正式程序2019-2-17-自建数据库\debug\scllibhelper.obj
c:\users\l\desktop\注射机器人正式界面搭建\正式程序2019-2-17-自建数据库\debug\usermanager.obj
c:\users\l\desktop\注射机器人正式界面搭建\正式程序2019-2-17-自建数据库\debug\moc_frmlogin.obj
c:\users\l\desktop\注射机器人正式界面搭建\正式程序2019-2-17-自建数据库\debug\moc_comhelper.obj
c:\users\l\desktop\注射机器人正式界面搭建\正式程序2019-2-17-自建数据库\debug\moc_myhelp.obj
c:\users\l\desktop\注射机器人正式界面搭建\正式程序2019-2-17-自建数据库\debug\comhelper.obj
c:\users\l\desktop\注射机器人正式界面搭建\正式程序2019-2-17-自建数据库\debug\formulamanager.obj
c:\users\l\desktop\注射机器人正式界面搭建\正式程序2019-2-17-自建数据库\debug\frmformulasetting.obj
c:\users\l\desktop\注射机器人正式界面搭建\正式程序2019-2-17-自建数据库\debug\frmreadformula.obj
c:\users\l\desktop\注射机器人正式界面搭建\正式程序2019-2-17-自建数据库\debug\frmworklog.obj
c:\users\l\desktop\注射机器人正式界面搭建\正式程序2019-2-17-自建数据库\debug\moc_frmmainwidget.obj
c:\users\l\desktop\注射机器人正式界面搭建\正式程序2019-2-17-自建数据库\debug\moc_frmworklog.obj
c:\users\l\desktop\注射机器人正式界面搭建\正式程序2019-2-17-自建数据库\debug\globalparam.obj
c:\users\l\desktop\注射机器人正式界面搭建\正式程序2019-2-17-自建数据库\debug\motortest1.obj
c:\users\l\desktop\注射机器人正式界面搭建\正式程序2019-2-17-自建数据库\debug\testform1.obj
c:\users\l\desktop\注射机器人正式界面搭建\正式程序2019-2-17-自建数据库\debug\moc_user.obj
c:\users\l\desktop\注射机器人正式界面搭建\正式程序2019-2-17-自建数据库\debug\moc_appinit.obj
c:\users\l\desktop\注射机器人正式界面搭建\正式程序2019-2-17-自建数据库\debug\moc_fsmstate2.obj
c:\users\l\desktop\注射机器人正式界面搭建\正式程序2019-2-17-自建数据库\debug\moc_formulamanager.obj
c:\users\l\desktop\注射机器人正式界面搭建\正式程序2019-2-17-自建数据库\debug\app.obj
c:\users\l\desktop\注射机器人正式界面搭建\正式程序2019-2-17-自建数据库\debug\forcesensormodule.obj
c:\users\l\desktop\注射机器人正式界面搭建\正式程序2019-2-17-自建数据库\debug\frmaccountmanager.obj
c:\users\l\desktop\注射机器人正式界面搭建\正式程序2019-2-17-自建数据库\debug\frmmainwidget.obj
c:\users\l\desktop\注射机器人正式界面搭建\正式程序2019-2-17-自建数据库\debug\frmsystemsetting.obj
c:\users\l\desktop\注射机器人正式界面搭建\正式程序2019-2-17-自建数据库\debug\fscommon.obj
c:\users\l\desktop\注射机器人正式界面搭建\正式程序2019-2-17-自建数据库\debug\moc_frmaccountmanager.obj
c:\users\l\desktop\注射机器人正式界面搭建\正式程序2019-2-17-自建数据库\debug\moc_frmformulasetting.obj
c:\users\l\desktop\注射机器人正式界面搭建\正式程序2019-2-17-自建数据库\debug\moc_frmrecipesetting.obj
c:\users\l\desktop\注射机器人正式界面搭建\正式程序2019-2-17-自建数据库\debug\moc_frmsystemsetting.obj
c:\users\l\desktop\注射机器人正式界面搭建\正式程序2019-2-17-自建数据库\debug\moc_motofun.obj
c:\users\l\desktop\注射机器人正式界面搭建\正式程序2019-2-17-自建数据库\debug\main.obj
c:\users\l\desktop\注射机器人正式界面搭建\正式程序2019-2-17-自建数据库\debug\mythread.obj
c:\users\l\desktop\注射机器人正式界面搭建\正式程序2019-2-17-自建数据库\debug\moc_usermanager.obj
c:\users\l\desktop\注射机器人正式界面搭建\正式程序2019-2-17-自建数据库\debug\moc_testform1.obj
c:\users\l\desktop\注射机器人正式界面搭建\正式程序2019-2-17-自建数据库\debug\moc_cformulaparam.obj
c:\users\l\desktop\注射机器人正式界面搭建\正式程序2019-2-17-自建数据库\debug\vc140.pdb
c:\users\l\desktop\注射机器人正式界面搭建\motortest2\motortest1\generatedfiles\debug\moc_frmreadformula.cpp
c:\users\l\desktop\注射机器人正式界面搭建\motortest2\motortest1\generatedfiles\debug\moc_frmpreparedrug.cpp
c:\users\l\desktop\注射机器人正式界面搭建\motortest2\motortest1\generatedfiles\debug\moc_frmdispensefinish.cpp
c:\users\l\desktop\注射机器人正式界面搭建\motortest2\motortest1\generatedfiles\debug\moc_frmrecipesetting.cpp
c:\users\l\desktop\注射机器人正式界面搭建\motortest2\motortest1\generatedfiles\debug\moc_frmsystemsetting.cpp
c:\users\l\desktop\注射机器人正式界面搭建\motortest2\motortest1\generatedfiles\debug\moc_frmsystemparamsetting.cpp
c:\users\l\desktop\注射机器人正式界面搭建\motortest2\motortest1\generatedfiles\debug\moc_frmaccountmanager.cpp
c:\users\l\desktop\注射机器人正式界面搭建\motortest2\motortest1\generatedfiles\debug\moc_frmformulasetting.cpp
c:\users\l\desktop\注射机器人正式界面搭建\motortest2\motortest1\generatedfiles\debug\moc_frmworklog.cpp
c:\users\l\desktop\注射机器人正式界面搭建\motortest2\motortest1\generatedfiles\debug\moc_globalparam.cpp
c:\users\l\desktop\注射机器人正式界面搭建\motortest2\motortest1\generatedfiles\debug\moc_frmdispenseprocess.cpp
c:\users\l\desktop\注射机器人正式界面搭建\motortest2\motortest1\generatedfiles\debug\moc_frmselftest.cpp
c:\users\l\desktop\注射机器人正式界面搭建\motortest2\motortest1\generatedfiles\debug\moc_frmmainwidget.cpp
c:\users\l\desktop\注射机器人正式界面搭建\正式程序2019-2-15\motortest1\generatedfiles\debug\moc_frmmainwidget.cpp
c:\users\l\desktop\注射机器人正式界面搭建\正式程序2019-2-15\motortest1\generatedfiles\debug\moc_frmreadformula.cpp
c:\users\l\desktop\注射机器人正式界面搭建\正式程序2019-2-15\motortest1\generatedfiles\debug\moc_frmrecipesetting.cpp
c:\users\l\desktop\注射机器人正式界面搭建\正式程序2019-2-15\motortest1\generatedfiles\debug\moc_frmsystemsetting.cpp
c:\users\l\desktop\注射机器人正式界面搭建\正式程序2019-2-15\motortest1\generatedfiles\debug\moc_globalparam.cpp
c:\users\l\desktop\注射机器人正式界面搭建\正式程序2019-2-15\motortest1\generatedfiles\debug\moc_frmsystemparamsetting.cpp
c:\users\l\desktop\注射机器人正式界面搭建\正式程序2019-2-15\motortest1\generatedfiles\debug\moc_frmaccountmanager.cpp
c:\users\l\desktop\注射机器人正式界面搭建\正式程序2019-2-15\motortest1\generatedfiles\debug\moc_frmformulasetting.cpp
c:\users\l\desktop\注射机器人正式界面搭建\正式程序2019-2-15\motortest1\generatedfiles\debug\moc_frmworklog.cpp
c:\users\l\desktop\注射机器人正式界面搭建\正式程序2019-2-15\motortest1\generatedfiles\debug\moc_frmselftest.cpp
c:\users\l\desktop\注射机器人正式界面搭建\正式程序2019-2-15\motortest1\generatedfiles\debug\moc_frmdispenseprocess.cpp
c:\users\l\desktop\注射机器人正式界面搭建\正式程序2019-2-15\motortest1\generatedfiles\debug\moc_frmdispensefinish.cpp
c:\users\l\desktop\注射机器人正式界面搭建\正式程序2019-2-15\motortest1\generatedfiles\debug\moc_motofun.cpp
c:\users\l\desktop\注射机器人正式界面搭建\正式程序2019-2-15\motortest1\generatedfiles\debug\moc_frmpreparedrug.cpp
c:\users\l\desktop\注射机器人正式界面搭建\正式程序2019-2-15 - 副本\motortest1\generatedfiles\debug\moc_frmreadformula.cpp
c:\users\l\desktop\注射机器人正式界面搭建\正式程序2019-2-15 - 副本\motortest1\generatedfiles\debug\moc_frmselftest.cpp
c:\users\l\desktop\注射机器人正式界面搭建\正式程序2019-2-15 - 副本\motortest1\generatedfiles\debug\moc_frmpreparedrug.cpp
c:\users\l\desktop\注射机器人正式界面搭建\正式程序2019-2-15 - 副本\motortest1\generatedfiles\debug\moc_frmrecipesetting.cpp
c:\users\l\desktop\注射机器人正式界面搭建\正式程序2019-2-15 - 副本\motortest1\generatedfiles\debug\moc_frmsystemsetting.cpp
c:\users\l\desktop\注射机器人正式界面搭建\正式程序2019-2-15 - 副本\motortest1\generatedfiles\debug\moc_globalparam.cpp
c:\users\l\desktop\注射机器人正式界面搭建\正式程序2019-2-15 - 副本\motortest1\generatedfiles\debug\moc_frmsystemparamsetting.cpp
c:\users\l\desktop\注射机器人正式界面搭建\正式程序2019-2-15 - 副本\motortest1\generatedfiles\debug\moc_frmaccountmanager.cpp
c:\users\l\desktop\注射机器人正式界面搭建\正式程序2019-2-15 - 副本\motortest1\generatedfiles\debug\moc_frmworklog.cpp
c:\users\l\desktop\注射机器人正式界面搭建\正式程序2019-2-15 - 副本\motortest1\generatedfiles\debug\moc_mythread.cpp
c:\users\l\desktop\注射机器人正式界面搭建\正式程序2019-2-15 - 副本\motortest1\generatedfiles\debug\moc_motofun.cpp
c:\users\l\desktop\注射机器人正式界面搭建\正式程序2019-2-15 - 副本\motortest1\generatedfiles\debug\moc_frmdispenseprocess.cpp
c:\users\l\desktop\注射机器人正式界面搭建\正式程序2019-2-15 - 副本\motortest1\generatedfiles\debug\moc_frmdispensefinish.cpp
c:\users\l\desktop\注射机器人正式界面搭建\正式程序2019-2-15 - 副本\motortest1\generatedfiles\debug\moc_frmformulasetting.cpp
c:\users\l\desktop\注射机器人正式界面搭建\正式程序2019-2-15 - 副本\motortest1\generatedfiles\debug\moc_frmmainwidget.cpp
c:\users\l\desktop\注射机器人正式界面搭建\正式程序2019-2-17-自建数据库\motortest1\generatedfiles\debug\moc_frmreadformula.cpp
c:\users\l\desktop\注射机器人正式界面搭建\正式程序2019-2-17-自建数据库\motortest1\generatedfiles\debug\moc_frmselftest.cpp
c:\users\l\desktop\注射机器人正式界面搭建\正式程序2019-2-17-自建数据库\motortest1\generatedfiles\debug\moc_frmpreparedrug.cpp
c:\users\l\desktop\注射机器人正式界面搭建\正式程序2019-2-17-自建数据库\motortest1\generatedfiles\debug\moc_frmdispensefinish.cpp
c:\users\l\desktop\注射机器人正式界面搭建\正式程序2019-2-17-自建数据库\motortest1\generatedfiles\debug\moc_frmrecipesetting.cpp
c:\users\l\desktop\注射机器人正式界面搭建\正式程序2019-2-17-自建数据库\motortest1\generatedfiles\debug\moc_frmsystemsetting.cpp
c:\users\l\desktop\注射机器人正式界面搭建\正式程序2019-2-17-自建数据库\motortest1\generatedfiles\debug\moc_globalparam.cpp
c:\users\l\desktop\注射机器人正式界面搭建\正式程序2019-2-17-自建数据库\motortest1\generatedfiles\debug\moc_frmsystemparamsetting.cpp
c:\users\l\desktop\注射机器人正式界面搭建\正式程序2019-2-17-自建数据库\motortest1\generatedfiles\debug\moc_frmaccountmanager.cpp
c:\users\l\desktop\注射机器人正式界面搭建\正式程序2019-2-17-自建数据库\motortest1\generatedfiles\debug\moc_frmformulasetting.cpp
c:\users\l\desktop\注射机器人正式界面搭建\正式程序2019-2-17-自建数据库\motortest1\generatedfiles\debug\moc_frmworklog.cpp
c:\users\l\desktop\注射机器人正式界面搭建\正式程序2019-2-17-自建数据库\motortest1\generatedfiles\debug\moc_mythread.cpp
c:\users\l\desktop\注射机器人正式界面搭建\正式程序2019-2-17-自建数据库\motortest1\generatedfiles\debug\moc_frmmainwidget.cpp
c:\users\l\desktop\注射机器人正式界面搭建\正式程序2019-2-17-自建数据库\motortest1\generatedfiles\debug\moc_motofun.cpp
c:\users\l\desktop\注射机器人正式界面搭建\正式程序2019-2-17-自建数据库\motortest1\generatedfiles\debug\moc_frmdispenseprocess.cpp
c:\users\l\desktop\注射机器人正式界面搭建\motortest2\motortest1\generatedfiles\ui_frmaccountmanager.h
c:\users\l\desktop\注射机器人正式界面搭建\motortest2\motortest1\generatedfiles\ui_frmdispensefinish.h
c:\users\l\desktop\注射机器人正式界面搭建\motortest2\motortest1\generatedfiles\ui_frmdispenseprocess.h
c:\users\l\desktop\注射机器人正式界面搭建\motortest2\motortest1\generatedfiles\ui_frmformulasetting.h
c:\users\l\desktop\注射机器人正式界面搭建\motortest2\motortest1\generatedfiles\ui_frmlogin.h
c:\users\l\desktop\注射机器人正式界面搭建\motortest2\motortest1\generatedfiles\ui_frmmainwidget.h
c:\users\l\desktop\注射机器人正式界面搭建\motortest2\motortest1\generatedfiles\ui_frmpreparedrug.h
c:\users\l\desktop\注射机器人正式界面搭建\motortest2\motortest1\generatedfiles\ui_frmreadformula.h
c:\users\l\desktop\注射机器人正式界面搭建\motortest2\motortest1\generatedfiles\ui_frmrecipesetting.h
c:\users\l\desktop\注射机器人正式界面搭建\motortest2\motortest1\generatedfiles\ui_frmselftest.h
c:\users\l\desktop\注射机器人正式界面搭建\motortest2\motortest1\generatedfiles\ui_frmsystemparamsetting.h
c:\users\l\desktop\注射机器人正式界面搭建\motortest2\motortest1\generatedfiles\ui_frmsystemsetting.h
c:\users\l\desktop\注射机器人正式界面搭建\motortest2\motortest1\generatedfiles\ui_frmworklog.h
c:\users\l\desktop\注射机器人正式界面搭建\motortest2\motortest1\generatedfiles\ui_motortest1.h
c:\users\l\desktop\注射机器人正式界面搭建\motortest2\motortest1\generatedfiles\ui_testform1.h
c:\users\l\desktop\注射机器人正式界面搭建\motortest2\motortest1\generatedfiles\qrc_motortest1.cpp
c:\users\l\desktop\注射机器人正式界面搭建\motortest2\motortest1\generatedfiles\debug\moc_motortest1.cpp
c:\users\l\desktop\注射机器人正式界面搭建\motortest2\motortest1\generatedfiles\debug\moc_usermanager.cpp
c:\users\l\desktop\注射机器人正式界面搭建\motortest2\motortest1\generatedfiles\debug\moc_user.cpp
c:\users\l\desktop\注射机器人正式界面搭建\motortest2\motortest1\generatedfiles\debug\moc_testform1.cpp
c:\users\l\desktop\注射机器人正式界面搭建\motortest2\motortest1\generatedfiles\debug\moc_app.cpp
c:\users\l\desktop\注射机器人正式界面搭建\motortest2\motortest1\generatedfiles\debug\moc_frmlogin.cpp
c:\users\l\desktop\注射机器人正式界面搭建\motortest2\motortest1\generatedfiles\debug\moc_appinit.cpp
c:\users\l\desktop\注射机器人正式界面搭建\motortest2\motortest1\generatedfiles\debug\moc_motormanager.cpp
c:\users\l\desktop\注射机器人正式界面搭建\motortest2\motortest1\generatedfiles\debug\moc_fsmstate2.cpp
c:\users\l\desktop\注射机器人正式界面搭建\motortest2\motortest1\generatedfiles\debug\moc_comhelper.cpp
c:\users\l\desktop\注射机器人正式界面搭建\motortest2\motortest1\generatedfiles\debug\moc_cformulaparam.cpp
c:\users\l\desktop\注射机器人正式界面搭建\motortest2\motortest1\generatedfiles\debug\moc_forcesensormodule.cpp
c:\users\l\desktop\注射机器人正式界面搭建\motortest2\motortest1\generatedfiles\debug\moc_formulamanager.cpp
c:\users\l\desktop\注射机器人正式界面搭建\motortest2\motortest1\generatedfiles\debug\moc_myhelp.cpp
c:\users\l\desktop\注射机器人正式界面搭建\motortest2\motortest1\generatedfiles\debug\moc_motofun.cpp
c:\users\l\desktop\注射机器人正式界面搭建\正式程序2019-2-15\motortest1\generatedfiles\ui_frmdispenseprocess.h
c:\users\l\desktop\注射机器人正式界面搭建\正式程序2019-2-15\motortest1\generatedfiles\ui_frmlogin.h
c:\users\l\desktop\注射机器人正式界面搭建\正式程序2019-2-15\motortest1\generatedfiles\ui_frmaccountmanager.h
c:\users\l\desktop\注射机器人正式界面搭建\正式程序2019-2-15\motortest1\generatedfiles\ui_frmdispensefinish.h
c:\users\l\desktop\注射机器人正式界面搭建\正式程序2019-2-15\motortest1\generatedfiles\ui_frmformulasetting.h
c:\users\l\desktop\注射机器人正式界面搭建\正式程序2019-2-15\motortest1\generatedfiles\ui_frmmainwidget.h
c:\users\l\desktop\注射机器人正式界面搭建\正式程序2019-2-15\motortest1\generatedfiles\ui_frmpreparedrug.h
c:\users\l\desktop\注射机器人正式界面搭建\正式程序2019-2-15\motortest1\generatedfiles\ui_frmreadformula.h
c:\users\l\desktop\注射机器人正式界面搭建\正式程序2019-2-15\motortest1\generatedfiles\ui_frmrecipesetting.h
c:\users\l\desktop\注射机器人正式界面搭建\正式程序2019-2-15\motortest1\generatedfiles\ui_frmselftest.h
c:\users\l\desktop\注射机器人正式界面搭建\正式程序2019-2-15\motortest1\generatedfiles\ui_frmsystemparamsetting.h
c:\users\l\desktop\注射机器人正式界面搭建\正式程序2019-2-15\motortest1\generatedfiles\ui_frmsystemsetting.h
c:\users\l\desktop\注射机器人正式界面搭建\正式程序2019-2-15\motortest1\generatedfiles\ui_frmworklog.h
c:\users\l\desktop\注射机器人正式界面搭建\正式程序2019-2-15\motortest1\generatedfiles\ui_motortest1.h
c:\users\l\desktop\注射机器人正式界面搭建\正式程序2019-2-15\motortest1\generatedfiles\ui_testform1.h
c:\users\l\desktop\注射机器人正式界面搭建\正式程序2019-2-15\motortest1\generatedfiles\qrc_motortest1.cpp
c:\users\l\desktop\注射机器人正式界面搭建\正式程序2019-2-15\motortest1\generatedfiles\debug\moc_motortest1.cpp
c:\users\l\desktop\注射机器人正式界面搭建\正式程序2019-2-15\motortest1\generatedfiles\debug\moc_usermanager.cpp
c:\users\l\desktop\注射机器人正式界面搭建\正式程序2019-2-15\motortest1\generatedfiles\debug\moc_user.cpp
c:\users\l\desktop\注射机器人正式界面搭建\正式程序2019-2-15\motortest1\generatedfiles\debug\moc_testform1.cpp
c:\users\l\desktop\注射机器人正式界面搭建\正式程序2019-2-15\motortest1\generatedfiles\debug\moc_app.cpp
c:\users\l\desktop\注射机器人正式界面搭建\正式程序2019-2-15\motortest1\generatedfiles\debug\moc_frmlogin.cpp
c:\users\l\desktop\注射机器人正式界面搭建\正式程序2019-2-15\motortest1\generatedfiles\debug\moc_appinit.cpp
c:\users\l\desktop\注射机器人正式界面搭建\正式程序2019-2-15\motortest1\generatedfiles\debug\moc_motormanager.cpp
c:\users\l\desktop\注射机器人正式界面搭建\正式程序2019-2-15\motortest1\generatedfiles\debug\moc_fsmstate2.cpp
c:\users\l\desktop\注射机器人正式界面搭建\正式程序2019-2-15\motortest1\generatedfiles\debug\moc_comhelper.cpp
c:\users\l\desktop\注射机器人正式界面搭建\正式程序2019-2-15\motortest1\generatedfiles\debug\moc_cformulaparam.cpp
c:\users\l\desktop\注射机器人正式界面搭建\正式程序2019-2-15\motortest1\generatedfiles\debug\moc_forcesensormodule.cpp
c:\users\l\desktop\注射机器人正式界面搭建\正式程序2019-2-15\motortest1\generatedfiles\debug\moc_formulamanager.cpp
c:\users\l\desktop\注射机器人正式界面搭建\正式程序2019-2-15\motortest1\generatedfiles\debug\moc_myhelp.cpp
c:\users\l\desktop\注射机器人正式界面搭建\正式程序2019-2-15 - 副本\motortest1\generatedfiles\ui_frmdispensefinish.h
c:\users\l\desktop\注射机器人正式界面搭建\正式程序2019-2-15 - 副本\motortest1\generatedfiles\ui_frmdispenseprocess.h
c:\users\l\desktop\注射机器人正式界面搭建\正式程序2019-2-15 - 副本\motortest1\generatedfiles\ui_frmlogin.h
c:\users\l\desktop\注射机器人正式界面搭建\正式程序2019-2-15 - 副本\motortest1\generatedfiles\ui_frmpreparedrug.h
c:\users\l\desktop\注射机器人正式界面搭建\正式程序2019-2-15 - 副本\motortest1\generatedfiles\ui_frmaccountmanager.h
c:\users\l\desktop\注射机器人正式界面搭建\正式程序2019-2-15 - 副本\motortest1\generatedfiles\ui_frmformulasetting.h
c:\users\l\desktop\注射机器人正式界面搭建\正式程序2019-2-15 - 副本\motortest1\generatedfiles\ui_frmmainwidget.h
c:\users\l\desktop\注射机器人正式界面搭建\正式程序2019-2-15 - 副本\motortest1\generatedfiles\ui_frmreadformula.h
c:\users\l\desktop\注射机器人正式界面搭建\正式程序2019-2-15 - 副本\motortest1\generatedfiles\ui_frmrecipesetting.h
c:\users\l\desktop\注射机器人正式界面搭建\正式程序2019-2-15 - 副本\motortest1\generatedfiles\ui_frmselftest.h
c:\users\l\desktop\注射机器人正式界面搭建\正式程序2019-2-15 - 副本\motortest1\generatedfiles\ui_frmsystemparamsetting.h
c:\users\l\desktop\注射机器人正式界面搭建\正式程序2019-2-15 - 副本\motortest1\generatedfiles\ui_frmsystemsetting.h
c:\users\l\desktop\注射机器人正式界面搭建\正式程序2019-2-15 - 副本\motortest1\generatedfiles\ui_frmworklog.h
c:\users\l\desktop\注射机器人正式界面搭建\正式程序2019-2-15 - 副本\motortest1\generatedfiles\ui_motortest1.h
c:\users\l\desktop\注射机器人正式界面搭建\正式程序2019-2-15 - 副本\motortest1\generatedfiles\ui_testform1.h
c:\users\l\desktop\注射机器人正式界面搭建\正式程序2019-2-15 - 副本\motortest1\generatedfiles\qrc_motortest1.cpp
c:\users\l\desktop\注射机器人正式界面搭建\正式程序2019-2-15 - 副本\motortest1\generatedfiles\debug\moc_motortest1.cpp
c:\users\l\desktop\注射机器人正式界面搭建\正式程序2019-2-15 - 副本\motortest1\generatedfiles\debug\moc_usermanager.cpp
c:\users\l\desktop\注射机器人正式界面搭建\正式程序2019-2-15 - 副本\motortest1\generatedfiles\debug\moc_user.cpp
c:\users\l\desktop\注射机器人正式界面搭建\正式程序2019-2-15 - 副本\motortest1\generatedfiles\debug\moc_testform1.cpp
c:\users\l\desktop\注射机器人正式界面搭建\正式程序2019-2-15 - 副本\motortest1\generatedfiles\debug\moc_app.cpp
c:\users\l\desktop\注射机器人正式界面搭建\正式程序2019-2-15 - 副本\motortest1\generatedfiles\debug\moc_frmlogin.cpp
c:\users\l\desktop\注射机器人正式界面搭建\正式程序2019-2-15 - 副本\motortest1\generatedfiles\debug\moc_appinit.cpp
c:\users\l\desktop\注射机器人正式界面搭建\正式程序2019-2-15 - 副本\motortest1\generatedfiles\debug\moc_motormanager.cpp
c:\users\l\desktop\注射机器人正式界面搭建\正式程序2019-2-15 - 副本\motortest1\generatedfiles\debug\moc_fsmstate2.cpp
c:\users\l\desktop\注射机器人正式界面搭建\正式程序2019-2-15 - 副本\motortest1\generatedfiles\debug\moc_comhelper.cpp
c:\users\l\desktop\注射机器人正式界面搭建\正式程序2019-2-15 - 副本\motortest1\generatedfiles\debug\moc_cformulaparam.cpp
c:\users\l\desktop\注射机器人正式界面搭建\正式程序2019-2-15 - 副本\motortest1\generatedfiles\debug\moc_forcesensormodule.cpp
c:\users\l\desktop\注射机器人正式界面搭建\正式程序2019-2-15 - 副本\motortest1\generatedfiles\debug\moc_formulamanager.cpp
c:\users\l\desktop\注射机器人正式界面搭建\正式程序2019-2-15 - 副本\motortest1\generatedfiles\debug\moc_myhelp.cpp
c:\users\l\desktop\注射机器人正式界面搭建\正式程序2019-2-15 - 副本\motortest1\generatedfiles\debug\moc_cthermometer.cpp
c:\users\l\desktop\注射机器人正式界面搭建\正式程序2019-2-17-自建数据库\motortest1\generatedfiles\ui_frmdispensefinish.h
c:\users\l\desktop\注射机器人正式界面搭建\正式程序2019-2-17-自建数据库\motortest1\generatedfiles\ui_frmdispenseprocess.h
c:\users\l\desktop\注射机器人正式界面搭建\正式程序2019-2-17-自建数据库\motortest1\generatedfiles\debug\moc_cthermometer.cpp
c:\users\l\desktop\注射机器人正式界面搭建\正式程序2019-2-17-自建数据库\motortest1\generatedfiles\ui_frmaccountmanager.h
c:\users\l\desktop\注射机器人正式界面搭建\正式程序2019-2-17-自建数据库\motortest1\generatedfiles\ui_frmformulasetting.h
c:\users\l\desktop\注射机器人正式界面搭建\正式程序2019-2-17-自建数据库\motortest1\generatedfiles\ui_frmlogin.h
c:\users\l\desktop\注射机器人正式界面搭建\正式程序2019-2-17-自建数据库\motortest1\generatedfiles\ui_frmmainwidget.h
c:\users\l\desktop\注射机器人正式界面搭建\正式程序2019-2-17-自建数据库\motortest1\generatedfiles\ui_frmpreparedrug.h
c:\users\l\desktop\注射机器人正式界面搭建\正式程序2019-2-17-自建数据库\motortest1\generatedfiles\ui_frmreadformula.h
c:\users\l\desktop\注射机器人正式界面搭建\正式程序2019-2-17-自建数据库\motortest1\generatedfiles\ui_frmrecipesetting.h
c:\users\l\desktop\注射机器人正式界面搭建\正式程序2019-2-17-自建数据库\motortest1\generatedfiles\ui_frmselftest.h
c:\users\l\desktop\注射机器人正式界面搭建\正式程序2019-2-17-自建数据库\motortest1\generatedfiles\ui_frmsystemparamsetting.h
c:\users\l\desktop\注射机器人正式界面搭建\正式程序2019-2-17-自建数据库\motortest1\generatedfiles\ui_frmsystemsetting.h
c:\users\l\desktop\注射机器人正式界面搭建\正式程序2019-2-17-自建数据库\motortest1\generatedfiles\ui_frmworklog.h
c:\users\l\desktop\注射机器人正式界面搭建\正式程序2019-2-17-自建数据库\motortest1\generatedfiles\ui_motortest1.h
c:\users\l\desktop\注射机器人正式界面搭建\正式程序2019-2-17-自建数据库\motortest1\generatedfiles\ui_testform1.h
c:\users\l\desktop\注射机器人正式界面搭建\正式程序2019-2-17-自建数据库\motortest1\generatedfiles\qrc_motortest1.cpp
c:\users\l\desktop\注射机器人正式界面搭建\正式程序2019-2-17-自建数据库\motortest1\generatedfiles\debug\moc_motortest1.cpp
c:\users\l\desktop\注射机器人正式界面搭建\正式程序2019-2-17-自建数据库\motortest1\generatedfiles\debug\moc_usermanager.cpp
c:\users\l\desktop\注射机器人正式界面搭建\正式程序2019-2-17-自建数据库\motortest1\generatedfiles\debug\moc_user.cpp
c:\users\l\desktop\注射机器人正式界面搭建\正式程序2019-2-17-自建数据库\motortest1\generatedfiles\debug\moc_testform1.cpp
c:\users\l\desktop\注射机器人正式界面搭建\正式程序2019-2-17-自建数据库\motortest1\generatedfiles\debug\moc_app.cpp
c:\users\l\desktop\注射机器人正式界面搭建\正式程序2019-2-17-自建数据库\motortest1\generatedfiles\debug\moc_frmlogin.cpp
c:\users\l\desktop\注射机器人正式界面搭建\正式程序2019-2-17-自建数据库\motortest1\generatedfiles\debug\moc_appinit.cpp
c:\users\l\desktop\注射机器人正式界面搭建\正式程序2019-2-17-自建数据库\motortest1\generatedfiles\debug\moc_motormanager.cpp
c:\users\l\desktop\注射机器人正式界面搭建\正式程序2019-2-17-自建数据库\motortest1\generatedfiles\debug\moc_fsmstate2.cpp
c:\users\l\desktop\注射机器人正式界面搭建\正式程序2019-2-17-自建数据库\motortest1\generatedfiles\debug\moc_comhelper.cpp
c:\users\l\desktop\注射机器人正式界面搭建\正式程序2019-2-17-自建数据库\motortest1\generatedfiles\debug\moc_cformulaparam.cpp
c:\users\l\desktop\注射机器人正式界面搭建\正式程序2019-2-17-自建数据库\motortest1\generatedfiles\debug\moc_forcesensormodule.cpp
c:\users\l\desktop\注射机器人正式界面搭建\正式程序2019-2-17-自建数据库\motortest1\generatedfiles\debug\moc_formulamanager.cpp
c:\users\l\desktop\注射机器人正式界面搭建\正式程序2019-2-17-自建数据库\motortest1\generatedfiles\debug\moc_myhelp.cpp
c:\users\l\desktop\注射机器人正式界面搭建\motortest2\win32\debug\injectionrobot.ilk
c:\users\l\desktop\注射机器人正式界面搭建\motortest2\win32\debug\injectionrobot.exe
c:\users\l\desktop\注射机器人正式界面搭建\motortest2\win32\debug\injectionrobot.pdb
c:\users\l\desktop\注射机器人正式界面搭建\正式程序2019-2-15\win32\debug\injectionrobot.ilk
c:\users\l\desktop\注射机器人正式界面搭建\正式程序2019-2-15\win32\debug\injectionrobot.exe
c:\users\l\desktop\注射机器人正式界面搭建\正式程序2019-2-15\win32\debug\injectionrobot.pdb
c:\users\l\desktop\注射机器人正式界面搭建\正式程序2019-2-15 - 副本\win32\debug\injectionrobot.ilk
c:\users\l\desktop\注射机器人正式界面搭建\正式程序2019-2-15 - 副本\win32\debug\injectionrobot.exe
c:\users\l\desktop\注射机器人正式界面搭建\正式程序2019-2-15 - 副本\win32\debug\injectionrobot.pdb
c:\users\l\desktop\注射机器人正式界面搭建\正式程序2019-2-17-自建数据库\win32\debug\injectionrobot.ilk
c:\users\l\desktop\注射机器人正式界面搭建\正式程序2019-2-17-自建数据库\win32\debug\injectionrobot.exe
c:\users\l\desktop\注射机器人正式界面搭建\正式程序2019-2-17-自建数据库\win32\debug\injectionrobot.pdb
c:\users\l\desktop\注射机器人正式界面搭建\正式程序2019-2-17-自建数据库\motortest1\.\generatedfiles\debug\moc_motortest1.cpp
c:\users\l\desktop\注射机器人正式界面搭建\正式程序2019-2-17-自建数据库\motortest1\.\generatedfiles\debug\moc_usermanager.cpp
c:\users\l\desktop\注射机器人正式界面搭建\正式程序2019-2-17-自建数据库\motortest1\.\generatedfiles\debug\moc_user.cpp
c:\users\l\desktop\注射机器人正式界面搭建\正式程序2019-2-17-自建数据库\motortest1\.\generatedfiles\debug\moc_testform1.cpp
c:\users\l\desktop\注射机器人正式界面搭建\正式程序2019-2-17-自建数据库\motortest1\.\generatedfiles\debug\moc_app.cpp
c:\users\l\desktop\注射机器人正式界面搭建\正式程序2019-2-17-自建数据库\motortest1\.\generatedfiles\debug\moc_frmlogin.cpp
c:\users\l\desktop\注射机器人正式界面搭建\正式程序2019-2-17-自建数据库\motortest1\.\generatedfiles\debug\moc_appinit.cpp
c:\users\l\desktop\注射机器人正式界面搭建\正式程序2019-2-17-自建数据库\motortest1\.\generatedfiles\debug\moc_motormanager.cpp
c:\users\l\desktop\注射机器人正式界面搭建\正式程序2019-2-17-自建数据库\motortest1\.\generatedfiles\debug\moc_fsmstate2.cpp
c:\users\l\desktop\注射机器人正式界面搭建\正式程序2019-2-17-自建数据库\motortest1\.\generatedfiles\debug\moc_comhelper.cpp
c:\users\l\desktop\注射机器人正式界面搭建\正式程序2019-2-17-自建数据库\motortest1\.\generatedfiles\debug\moc_cformulaparam.cpp
c:\users\l\desktop\注射机器人正式界面搭建\正式程序2019-2-17-自建数据库\motortest1\.\generatedfiles\debug\moc_forcesensormodule.cpp
c:\users\l\desktop\注射机器人正式界面搭建\正式程序2019-2-17-自建数据库\motortest1\.\generatedfiles\debug\moc_cthermometer.cpp
c:\users\l\desktop\注射机器人正式界面搭建\正式程序2019-2-17-自建数据库\motortest1\.\generatedfiles\debug\moc_formulamanager.cpp
c:\users\l\desktop\注射机器人正式界面搭建\正式程序2019-2-17-自建数据库\motortest1\.\generatedfiles\debug\moc_myhelp.cpp
c:\users\l\desktop\注射机器人正式界面搭建\motortest2\debug\dispense.res
c:\users\l\desktop\注射机器人正式界面搭建\正式程序2019-2-15\debug\dispense.res
c:\users\l\desktop\注射机器人正式界面搭建\正式程序2019-2-15 - 副本\debug\dispense.res
c:\users\l\desktop\注射机器人正式界面搭建\正式程序2019-2-17-自建数据库\debug\dispense.res
c:\users\l\desktop\注射机器人正式界面搭建\正式程序2019-2-17-自建数据库\motortest1\.\generatedfiles\qrc_motortest1.cpp
c:\users\l\desktop\注射机器人正式界面搭建\正式程序2019-2-17-自建数据库\motortest1\.\generatedfiles\ui_frmaccountmanager.h
c:\users\l\desktop\注射机器人正式界面搭建\正式程序2019-2-17-自建数据库\motortest1\.\generatedfiles\ui_frmdispensefinish.h
c:\users\l\desktop\注射机器人正式界面搭建\正式程序2019-2-17-自建数据库\motortest1\.\generatedfiles\ui_frmformulasetting.h
c:\users\l\desktop\注射机器人正式界面搭建\正式程序2019-2-17-自建数据库\motortest1\.\generatedfiles\ui_frmlogin.h
c:\users\l\desktop\注射机器人正式界面搭建\正式程序2019-2-17-自建数据库\motortest1\.\generatedfiles\ui_frmmainwidget.h
c:\users\l\desktop\注射机器人正式界面搭建\正式程序2019-2-17-自建数据库\motortest1\.\generatedfiles\ui_frmpreparedrug.h
c:\users\l\desktop\注射机器人正式界面搭建\正式程序2019-2-17-自建数据库\motortest1\.\generatedfiles\ui_frmreadformula.h
c:\users\l\desktop\注射机器人正式界面搭建\正式程序2019-2-17-自建数据库\motortest1\.\generatedfiles\ui_frmrecipesetting.h
c:\users\l\desktop\注射机器人正式界面搭建\正式程序2019-2-17-自建数据库\motortest1\.\generatedfiles\ui_frmselftest.h
c:\users\l\desktop\注射机器人正式界面搭建\正式程序2019-2-17-自建数据库\motortest1\.\generatedfiles\ui_frmsystemsetting.h
c:\users\l\desktop\注射机器人正式界面搭建\正式程序2019-2-17-自建数据库\motortest1\.\generatedfiles\ui_frmworklog.h
c:\users\l\desktop\注射机器人正式界面搭建\正式程序2019-2-17-自建数据库\motortest1\.\generatedfiles\ui_motortest1.h
c:\users\l\desktop\注射机器人正式界面搭建\正式程序2019-2-17-自建数据库\motortest1\.\generatedfiles\ui_testform1.h
c:\users\l\desktop\注射机器人正式界面搭建\正式程序2019-2-17-自建数据库\motortest1\.\generatedfiles\ui_frmdispenseprocess.h
c:\users\l\desktop\注射机器人正式界面搭建\正式程序2019-2-17-自建数据库\motortest1\.\generatedfiles\ui_frmsystemparamsetting.h
e:\正式程序2019-2-17-自建数据库\debug\app.obj
e:\正式程序2019-2-17-自建数据库\debug\appinit.obj
e:\正式程序2019-2-17-自建数据库\debug\cformulaparam.obj
e:\正式程序2019-2-17-自建数据库\debug\comhelper.obj
e:\正式程序2019-2-17-自建数据库\debug\cthermometer.obj
e:\正式程序2019-2-17-自建数据库\debug\dbconnection.obj
e:\正式程序2019-2-17-自建数据库\debug\forcesensormodule.obj
e:\正式程序2019-2-17-自建数据库\debug\formulamanager.obj
e:\正式程序2019-2-17-自建数据库\debug\frmaccountmanager.obj
e:\正式程序2019-2-17-自建数据库\debug\frmdispensefinish.obj
e:\正式程序2019-2-17-自建数据库\debug\frmdispenseprocess.obj
e:\正式程序2019-2-17-自建数据库\debug\frmformulasetting.obj
e:\正式程序2019-2-17-自建数据库\debug\frmlogin.obj
e:\正式程序2019-2-17-自建数据库\debug\frmmainwidget.obj
e:\正式程序2019-2-17-自建数据库\debug\frmpreparedrug.obj
e:\正式程序2019-2-17-自建数据库\debug\frmreadformula.obj
e:\正式程序2019-2-17-自建数据库\debug\frmrecipesetting.obj
e:\正式程序2019-2-17-自建数据库\debug\frmselftest.obj
e:\正式程序2019-2-17-自建数据库\debug\frmsystemparamsetting.obj
e:\正式程序2019-2-17-自建数据库\debug\frmsystemsetting.obj
e:\正式程序2019-2-17-自建数据库\debug\frmworklog.obj
e:\正式程序2019-2-17-自建数据库\debug\fscommon.obj
e:\正式程序2019-2-17-自建数据库\debug\fsmstate2.obj
e:\正式程序2019-2-17-自建数据库\debug\globalparam.obj
e:\正式程序2019-2-17-自建数据库\debug\main.obj
e:\正式程序2019-2-17-自建数据库\debug\moc_app.obj
e:\正式程序2019-2-17-自建数据库\debug\moc_appinit.obj
e:\正式程序2019-2-17-自建数据库\debug\moc_cformulaparam.obj
e:\正式程序2019-2-17-自建数据库\debug\moc_comhelper.obj
e:\正式程序2019-2-17-自建数据库\debug\moc_cthermometer.obj
e:\正式程序2019-2-17-自建数据库\debug\moc_forcesensormodule.obj
e:\正式程序2019-2-17-自建数据库\debug\moc_formulamanager.obj
e:\正式程序2019-2-17-自建数据库\debug\moc_frmaccountmanager.obj
e:\正式程序2019-2-17-自建数据库\debug\moc_frmdispensefinish.obj
e:\正式程序2019-2-17-自建数据库\debug\moc_frmdispenseprocess.obj
e:\正式程序2019-2-17-自建数据库\debug\moc_frmformulasetting.obj
e:\正式程序2019-2-17-自建数据库\debug\moc_frmlogin.obj
e:\正式程序2019-2-17-自建数据库\debug\moc_frmmainwidget.obj
e:\正式程序2019-2-17-自建数据库\debug\moc_frmpreparedrug.obj
e:\正式程序2019-2-17-自建数据库\debug\moc_frmreadformula.obj
e:\正式程序2019-2-17-自建数据库\debug\moc_frmrecipesetting.obj
e:\正式程序2019-2-17-自建数据库\debug\moc_frmselftest.obj
e:\正式程序2019-2-17-自建数据库\debug\moc_frmsystemparamsetting.obj
e:\正式程序2019-2-17-自建数据库\debug\moc_frmsystemsetting.obj
e:\正式程序2019-2-17-自建数据库\debug\moc_frmworklog.obj
e:\正式程序2019-2-17-自建数据库\debug\moc_fsmstate2.obj
e:\正式程序2019-2-17-自建数据库\debug\moc_globalparam.obj
e:\正式程序2019-2-17-自建数据库\debug\moc_motofun.obj
e:\正式程序2019-2-17-自建数据库\debug\moc_motormanager.obj
e:\正式程序2019-2-17-自建数据库\debug\moc_motortest1.obj
e:\正式程序2019-2-17-自建数据库\debug\moc_myhelp.obj
e:\正式程序2019-2-17-自建数据库\debug\moc_mythread.obj
e:\正式程序2019-2-17-自建数据库\debug\moc_testform1.obj
e:\正式程序2019-2-17-自建数据库\debug\moc_user.obj
e:\正式程序2019-2-17-自建数据库\debug\moc_usermanager.obj
e:\正式程序2019-2-17-自建数据库\debug\motofun.obj
e:\正式程序2019-2-17-自建数据库\debug\motormanager.obj
e:\正式程序2019-2-17-自建数据库\debug\motortest1.obj
e:\正式程序2019-2-17-自建数据库\debug\myhelp.obj
e:\正式程序2019-2-17-自建数据库\debug\mythread.obj
e:\正式程序2019-2-17-自建数据库\debug\qrc_motortest1.obj
e:\正式程序2019-2-17-自建数据库\debug\scllibhelper.obj
e:\正式程序2019-2-17-自建数据库\debug\testform1.obj
e:\正式程序2019-2-17-自建数据库\debug\user.obj
e:\正式程序2019-2-17-自建数据库\debug\usermanager.obj
e:\正式程序2019-2-17-自建数据库\debug\dispense.res
e:\正式程序2019-2-17-自建数据库\debug\vc140.pdb
e:\正式程序2019-2-17-自建数据库\win32\debug\injectionrobot.pdb
e:\正式程序2019-2-17-自建数据库\win32\debug\injectionrobot.exe
e:\正式程序2019-2-17-自建数据库\win32\debug\injectionrobot.ilk
e:\正式程序2019-2-17-自建数据库\debug\injectionrobot.tlog\cl.command.1.tlog
e:\正式程序2019-2-17-自建数据库\debug\injectionrobot.tlog\cl.read.1.tlog
e:\正式程序2019-2-17-自建数据库\debug\injectionrobot.tlog\cl.write.1.tlog
e:\正式程序2019-2-17-自建数据库\debug\injectionrobot.tlog\custombuild.command.1.tlog
e:\正式程序2019-2-17-自建数据库\debug\injectionrobot.tlog\custombuild.read.1.tlog
e:\正式程序2019-2-17-自建数据库\debug\injectionrobot.tlog\custombuild.write.1.tlog
e:\正式程序2019-2-17-自建数据库\debug\injectionrobot.tlog\injectionrobot.write.1u.tlog
e:\正式程序2019-2-17-自建数据库\debug\injectionrobot.tlog\link.command.1.tlog
e:\正式程序2019-2-17-自建数据库\debug\injectionrobot.tlog\link.read.1.tlog
e:\正式程序2019-2-17-自建数据库\debug\injectionrobot.tlog\link.write.1.tlog
e:\正式程序2019-2-17-自建数据库\debug\injectionrobot.tlog\moc.read.1u.tlog
e:\正式程序2019-2-17-自建数据库\debug\injectionrobot.tlog\moc.write.1u.tlog
e:\正式程序2019-2-17-自建数据库\debug\injectionrobot.tlog\rc.command.1.tlog
e:\正式程序2019-2-17-自建数据库\debug\injectionrobot.tlog\rc.read.1.tlog
e:\正式程序2019-2-17-自建数据库\debug\injectionrobot.tlog\rc.write.1.tlog
e:\正式程序2019-2-17-自建数据库\debug\injectionrobot.tlog\rcc.read.1u.tlog
e:\正式程序2019-2-17-自建数据库\debug\injectionrobot.tlog\rcc.write.1u.tlog
e:\正式程序2019-2-17-自建数据库\debug\injectionrobot.tlog\uic.read.1u.tlog
e:\正式程序2019-2-17-自建数据库\debug\injectionrobot.tlog\uic.write.1u.tlog
